c:\users\ayaa\documents\visual studio 2013\projects\oopproject2\oopproject2\debug\vc120.pdb
c:\users\ayaa\documents\visual studio 2013\projects\oopproject2\oopproject2\debug\myform1.obj
c:\users\ayaa\documents\visual studio 2013\projects\oopproject2\oopproject2\debug\myform.obj
c:\users\ayaa\documents\visual studio 2013\projects\oopproject2\oopproject2\debug\library.obj
c:\users\ayaa\documents\visual studio 2013\projects\oopproject2\oopproject2\debug\.netframework,version=v4.5.assemblyattributes.obj
c:\users\ayaa\documents\visual studio 2013\projects\oopproject2\oopproject2\debug\myform2.obj
c:\users\ayaa\documents\visual studio 2013\projects\oopproject2\debug\oopproject2.exe
c:\users\ayaa\documents\visual studio 2013\projects\oopproject2\debug\oopproject2.pdb
c:\users\ayaa\documents\visual studio 2013\projects\oopproject2\oopproject2\debug\oopproject2.myform.resources
c:\users\ayaa\documents\visual studio 2013\projects\oopproject2\oopproject2\debug\oopproject2.myform1.resources
c:\users\ayaa\documents\visual studio 2013\projects\oopproject2\oopproject2\debug\oopproject2.myform2.resources
c:\users\ayaa\documents\visual studio 2013\projects\oopproject2\oopproject2\debug\oopproject2.vcxproj.generateresource.cache
c:\users\ayaa\documents\visual studio 2013\projects\oopproject2\oopproject2\debug\oopproject2.tlog\cl.command.1.tlog
c:\users\ayaa\documents\visual studio 2013\projects\oopproject2\oopproject2\debug\oopproject2.tlog\cl.read.1.tlog
c:\users\ayaa\documents\visual studio 2013\projects\oopproject2\oopproject2\debug\oopproject2.tlog\cl.write.1.tlog
c:\users\ayaa\documents\visual studio 2013\projects\oopproject2\oopproject2\debug\oopproject2.tlog\link.command.1.tlog
c:\users\ayaa\documents\visual studio 2013\projects\oopproject2\oopproject2\debug\oopproject2.tlog\link.read.1.tlog
c:\users\ayaa\documents\visual studio 2013\projects\oopproject2\oopproject2\debug\oopproject2.tlog\link.write.1.tlog
c:\users\ayaa\documents\visual studio 2013\projects\oopproject2\oopproject2\debug\oopproject2.tlog\metagen.read.1.tlog
c:\users\ayaa\documents\visual studio 2013\projects\oopproject2\oopproject2\debug\oopproject2.tlog\metagen.write.1.tlog
c:\users\ayaa\documents\visual studio 2013\projects\oopproject2\oopproject2\debug\oopproject2.tlog\oopproject2.write.1u.tlog
c:\users\ayaa\documents\visual studio 2013\projects\oopproject2\oopproject2\debug\oopproject2.tlog\tzres.dll.bi
